INFO:root:Serving on ('127.0.0.1', 12097)

INFO:root:RECEIVED FROM SERVER: AT Jaquez 63785583.26568961 kiwi.cs.ucla.edu +34.06893-118.445127 1520023934.918964
INFO:root:FLOODING INFO FOR CLIENT kiwi.cs.ucla.edu

INFO:root:CONNECTED TO Hill
INFO:root:FLOODING kiwi.cs.ucla.edu TO Hill
INFO:root:AT MESSAGE SENT: AT Jaquez 63785583.26568961 kiwi.cs.ucla.edu +34.06893-118.445127 1520023934.918964
INFO:root:CLOSED CONNECTION TO Hill

INFO:root:RECEIVED FROM SERVER: AT Jaquez 63785583.26568961 kiwi.cs.ucla.edu +34.06893-118.445127 1520023934.918964
INFO:root:DUPLICATE FOR kiwi.cs.ucla.edu
INFO:root:CLOSING CONNECTION ...


INFO:root:CONNECTED TO Campbell
INFO:root:FLOODING kiwi.cs.ucla.edu TO Campbell
INFO:root:AT MESSAGE SENT: AT Jaquez 63785583.26568961 kiwi.cs.ucla.edu +34.06893-118.445127 1520023934.918964
INFO:root:CLOSED CONNECTION TO Campbell

INFO:root:CONNECTED TO Singleton
INFO:root:FLOODING kiwi.cs.ucla.edu TO Singleton
INFO:root:AT MESSAGE SENT: AT Jaquez 63785583.26568961 kiwi.cs.ucla.edu +34.06893-118.445127 1520023934.918964
INFO:root:CLOSED CONNECTION TO Singleton

INFO:root:CLOSING CONNECTION ...


INFO:root:RECEIVED FROM SERVER: AT Jaquez 63785583.26568961 kiwi.cs.ucla.edu +34.06893-118.445127 1520023934.918964
INFO:root:DUPLICATE FOR kiwi.cs.ucla.edu
INFO:root:CLOSING CONNECTION ...


